2023-09-19 17:10:08.201854: I tensorflow/core/platform/cpu_feature_guard.cc:193] This TensorFlow binary is optimized with oneAPI Deep Neural Network Library (oneDNN) to use the following CPU instructions in performance-critical operations:  AVX2 AVX512F AVX512_VNNI FMA
To enable them in other operations, rebuild TensorFlow with the appropriate compiler flags.
2023-09-19 17:10:08.304780: I tensorflow/core/util/util.cc:169] oneDNN custom operations are on. You may see slightly different numerical results due to floating-point round-off errors from different computation orders. To turn them off, set the environment variable `TF_ENABLE_ONEDNN_OPTS=0`.
2023-09-19 17:10:08.309368: W tensorflow/stream_executor/platform/default/dso_loader.cc:64] Could not load dynamic library 'libcudart.so.11.0'; dlerror: libcudart.so.11.0: cannot open shared object file: No such file or directory; LD_LIBRARY_PATH: /home/mcshana/gromacs-2020.4/lib64:/lib64/openmpi/lib:/cm/shared/apps/slurm/current/lib64/slurm:/cm/shared/apps/slurm/current/lib64:/lib64/openmpi/lib:/cm/shared/easybuild/software/CUDA/10.1.243-GCC-8.3.0/lib64:/cm/shared/easybuild/software/OpenBLAS/0.3.7-GCC-8.3.0/lib64:/cm/shared/easybuild/software/libcerf/1.13-GCCcore-8.3.0/lib64:/cm/shared/easybuild/software/libreadline/8.0-GCCcore-8.3.0/lib64:/cm/shared/easybuild/software/libjpeg-turbo/2.0.3-GCCcore-8.3.0/lib64:/cm/shared/easybuild/software/Qt5/5.13.1-GCCcore-8.3.0/lib64:/cm/shared/easybuild/software/double-conversion/3.1.4-GCCcore-8.3.0/lib64:/cm/shared/easybuild/software/CUDA/10.1.243-GCC-8.3.0/lib64:/cm/shared/easybuild/software/OpenBLAS/0.3.7-GCC-8.3.0/lib64:/cm/shared/easybuild/software/libcerf/1.13-GCCcore-8.3.0/lib64:/cm/shared/easybuild/software/libreadline/8.0-GCCcore-8.3.0/lib64:/cm/shared/easybuild/software/libjpeg-turbo/2.0.3-GCCcore-8.3.0/lib64:/cm/shared/easybuild/software/Qt5/5.13.1-GCCcore-8.3.0/lib64:/cm/shared/easybuild/software/double-conversion/3.1.4-GCCcore-8.3.0/lib64
2023-09-19 17:10:08.309386: I tensorflow/stream_executor/cuda/cudart_stub.cc:29] Ignore above cudart dlerror if you do not have a GPU set up on your machine.
2023-09-19 17:10:08.331534: E tensorflow/stream_executor/cuda/cuda_blas.cc:2981] Unable to register cuBLAS factory: Attempting to register factory for plugin cuBLAS when one has already been registered
2023-09-19 17:10:08.974528: W tensorflow/stream_executor/platform/default/dso_loader.cc:64] Could not load dynamic library 'libnvinfer.so.7'; dlerror: libnvinfer.so.7: cannot open shared object file: No such file or directory; LD_LIBRARY_PATH: /home/mcshana/gromacs-2020.4/lib64:/lib64/openmpi/lib:/cm/shared/apps/slurm/current/lib64/slurm:/cm/shared/apps/slurm/current/lib64:/lib64/openmpi/lib:/cm/shared/easybuild/software/CUDA/10.1.243-GCC-8.3.0/lib64:/cm/shared/easybuild/software/OpenBLAS/0.3.7-GCC-8.3.0/lib64:/cm/shared/easybuild/software/libcerf/1.13-GCCcore-8.3.0/lib64:/cm/shared/easybuild/software/libreadline/8.0-GCCcore-8.3.0/lib64:/cm/shared/easybuild/software/libjpeg-turbo/2.0.3-GCCcore-8.3.0/lib64:/cm/shared/easybuild/software/Qt5/5.13.1-GCCcore-8.3.0/lib64:/cm/shared/easybuild/software/double-conversion/3.1.4-GCCcore-8.3.0/lib64:/cm/shared/easybuild/software/CUDA/10.1.243-GCC-8.3.0/lib64:/cm/shared/easybuild/software/OpenBLAS/0.3.7-GCC-8.3.0/lib64:/cm/shared/easybuild/software/libcerf/1.13-GCCcore-8.3.0/lib64:/cm/shared/easybuild/software/libreadline/8.0-GCCcore-8.3.0/lib64:/cm/shared/easybuild/software/libjpeg-turbo/2.0.3-GCCcore-8.3.0/lib64:/cm/shared/easybuild/software/Qt5/5.13.1-GCCcore-8.3.0/lib64:/cm/shared/easybuild/software/double-conversion/3.1.4-GCCcore-8.3.0/lib64
2023-09-19 17:10:08.974580: W tensorflow/stream_executor/platform/default/dso_loader.cc:64] Could not load dynamic library 'libnvinfer_plugin.so.7'; dlerror: libnvinfer_plugin.so.7: cannot open shared object file: No such file or directory; LD_LIBRARY_PATH: /home/mcshana/gromacs-2020.4/lib64:/lib64/openmpi/lib:/cm/shared/apps/slurm/current/lib64/slurm:/cm/shared/apps/slurm/current/lib64:/lib64/openmpi/lib:/cm/shared/easybuild/software/CUDA/10.1.243-GCC-8.3.0/lib64:/cm/shared/easybuild/software/OpenBLAS/0.3.7-GCC-8.3.0/lib64:/cm/shared/easybuild/software/libcerf/1.13-GCCcore-8.3.0/lib64:/cm/shared/easybuild/software/libreadline/8.0-GCCcore-8.3.0/lib64:/cm/shared/easybuild/software/libjpeg-turbo/2.0.3-GCCcore-8.3.0/lib64:/cm/shared/easybuild/software/Qt5/5.13.1-GCCcore-8.3.0/lib64:/cm/shared/easybuild/software/double-conversion/3.1.4-GCCcore-8.3.0/lib64:/cm/shared/easybuild/software/CUDA/10.1.243-GCC-8.3.0/lib64:/cm/shared/easybuild/software/OpenBLAS/0.3.7-GCC-8.3.0/lib64:/cm/shared/easybuild/software/libcerf/1.13-GCCcore-8.3.0/lib64:/cm/shared/easybuild/software/libreadline/8.0-GCCcore-8.3.0/lib64:/cm/shared/easybuild/software/libjpeg-turbo/2.0.3-GCCcore-8.3.0/lib64:/cm/shared/easybuild/software/Qt5/5.13.1-GCCcore-8.3.0/lib64:/cm/shared/easybuild/software/double-conversion/3.1.4-GCCcore-8.3.0/lib64
2023-09-19 17:10:08.974595: W tensorflow/compiler/tf2tensorrt/utils/py_utils.cc:38] TF-TRT Warning: Cannot dlopen some TensorRT libraries. If you would like to use Nvidia GPU with TensorRT, please make sure the missing libraries mentioned above are installed properly.
Traceback (most recent call last):
  File "/mnt/isilon/sgourakis_lab_storage/personal/sagar/afft_hla3db/run_prediction.py", line 69, in <module>
    targets = pd.read_table(args.targets)
  File "/mnt/isilon/sgourakis_lab_storage/anaconda3/envs/alphafold/lib/python3.9/site-packages/pandas/util/_decorators.py", line 311, in wrapper
    return func(*args, **kwargs)
  File "/mnt/isilon/sgourakis_lab_storage/anaconda3/envs/alphafold/lib/python3.9/site-packages/pandas/io/parsers/readers.py", line 683, in read_table
    return _read(filepath_or_buffer, kwds)
  File "/mnt/isilon/sgourakis_lab_storage/anaconda3/envs/alphafold/lib/python3.9/site-packages/pandas/io/parsers/readers.py", line 482, in _read
    parser = TextFileReader(filepath_or_buffer, **kwds)
  File "/mnt/isilon/sgourakis_lab_storage/anaconda3/envs/alphafold/lib/python3.9/site-packages/pandas/io/parsers/readers.py", line 811, in __init__
    self._engine = self._make_engine(self.engine)
  File "/mnt/isilon/sgourakis_lab_storage/anaconda3/envs/alphafold/lib/python3.9/site-packages/pandas/io/parsers/readers.py", line 1040, in _make_engine
    return mapping[engine](self.f, **self.options)  # type: ignore[call-arg]
  File "/mnt/isilon/sgourakis_lab_storage/anaconda3/envs/alphafold/lib/python3.9/site-packages/pandas/io/parsers/c_parser_wrapper.py", line 51, in __init__
    self._open_handles(src, kwds)
  File "/mnt/isilon/sgourakis_lab_storage/anaconda3/envs/alphafold/lib/python3.9/site-packages/pandas/io/parsers/base_parser.py", line 222, in _open_handles
    self.handles = get_handle(
  File "/mnt/isilon/sgourakis_lab_storage/anaconda3/envs/alphafold/lib/python3.9/site-packages/pandas/io/common.py", line 702, in get_handle
    handle = open(
FileNotFoundError: [Errno 2] No such file or directory: '*.txt/inputs/target.tsv'
